<?xml version="1.0" encoding="UTF-8"?><testsuite errors="0" failures="0" name="com.studentapp.junit.studentsIdInfo.TagsTest" skipped="0" tests="3" time="5.77" timestamp="2019-07-14T21:59:36.350-05:00[America/Bogota]"><testcase classname="com.studentapp.junit.studentsIdInfo.TagsTest" name="This test will provide an error code of 400 when user tries to access an invalid resource"/><testcase classname="com.studentapp.junit.studentsIdInfo.TagsTest" name="Provide a 405 Status when incorrect HTTP Method is used to access a resource"/><testcase classname="com.studentapp.junit.studentsIdInfo.TagsTest" name="This test will verify if astatus code of 200 is returned for GET request"/></testsuite>